##############################################################################################################
#
# Rosetta crash log. Please submit the contents of this file to http://crash.rosettacommons.org/
# or use the script Rosetta/main/source/scripts/python/public/report_crashes.py
#

[START_CRASH_REPORT]
[ROSETTA_VERSION]: 2024.09+release.06b3cf8
[COMMIT_DATE]: 2024-03-01T01:30:53.796737
[APPLICATION]: /data/gpfs/projects/punim0539/Rosetta/rosetta.binary.linux.release-371/main/source/bin/relax.static.linuxgccrelease
[MODE]: Release
[EXTRAS]: default
[OS]: GNU/Linux
[COMPILER]: GCC version "4.8.5 20150623 (Red Hat 4.8.5-44)"
[STDLIB]: libstdc++ version 20150623
[START_OPTIONS]
 -in:file:s=/data/gpfs/projects/punim0539/andrewh/Training_Data_Aug_2/PDB_relaxed/1KDXA/1KDXA_relaxed.pdb -in:file:fullatom -out:suffix=_Y640F_relaxed -out:no_nstruct_label -out:file:scorefile=/data/gpfs/projects/punim0539/andrewh/Training_Data_Aug_2/PDB_relaxed/1KDXA/1KDXA_relaxed.sc -packing:resfile=1KDXA_Y640F.resfile -optimization:default_max_cycles=200 -relax:constrain_relax_to_start_coords -relax:respect_resfile -relax:ramp_constraints=false

[END_OPTIONS]

[START_BACKTRACE]: RAW_LIBC
[0x6bd4ac0]
[0x6b2d2f3]
[0x47e6ba8]
[0x47ea34d]
[0x47ea8cf]
[0x47eef6e]
[0x47ef3c4]
[0x47ef607]
[0x4422a03]
[0x47fd879]
[0x47fe029]
[0x328b2ac]
[0x328cf5a]
[0x2f44d22]
[0x2f4932c]
[0x40ad890]
[0x40af591]
[0x414c718]
[0x2f62848]
[0x41bcbb]
[0x73a5fb4]
[0x73a6231]
[0x6535d6]

[END_BACKTRACE]

[FILE]: src/core/pack/task/ResfileReader.cc
[LINE]: 1577
[START_MESSAGE]
On line 3, the pose does not have residue with chain=A, PDBnum=640.

[END_MESSAGE]
[END_CRASH_REPORT]

