2025-09-03 13:32:31,339 - numexpr.utils - INFO - Note: detected 128 virtual cores but NumExpr set to maximum of 64, check "NUMEXPR_MAX_THREADS" environment variable.
2025-09-03 13:32:31,339 - numexpr.utils - INFO - Note: NumExpr detected 128 cores but "NUMEXPR_MAX_THREADS" not set, so enforcing safe limit of 16.
2025-09-03 13:32:31,339 - numexpr.utils - INFO - NumExpr defaulting to 16 threads.
2025-09-03 13:34:01,891 - moleculekit.tools.preparation - WARNING - Dubious protonation state: the pKa of 2 residues is within 1.0 units of pH 7.4.
2025-09-03 13:34:01,891 - moleculekit.tools.preparation - WARNING - Dubious protonation state:    GLU    24 A (pKa= 7.66)
2025-09-03 13:34:01,892 - moleculekit.tools.preparation - WARNING - Dubious protonation state:    CYS    30 A (pKa= 6.51)
2025-09-03 13:34:03,582 - moleculekit.tools.preparation - WARNING - Dubious protonation state: the pKa of 1 residues is within 1.0 units of pH 7.4.
2025-09-03 13:34:03,582 - moleculekit.tools.preparation - WARNING - Dubious protonation state:    GLU    24 A (pKa= 7.47)
2025-09-03 13:34:05,276 - moleculekit.tools.preparation - WARNING - Dubious protonation state: the pKa of 2 residues is within 1.0 units of pH 7.4.
2025-09-03 13:34:05,276 - moleculekit.tools.preparation - WARNING - Dubious protonation state:    GLU    24 A (pKa= 7.66)
2025-09-03 13:34:05,276 - moleculekit.tools.preparation - WARNING - Dubious protonation state:    CYS    30 A (pKa= 6.51)
2025-09-03 13:34:07,026 - moleculekit.tools.preparation - WARNING - Dubious protonation state: the pKa of 1 residues is within 1.0 units of pH 7.4.
2025-09-03 13:34:07,026 - moleculekit.tools.preparation - WARNING - Dubious protonation state:    GLU    24 A (pKa= 7.47)
2025-09-03 13:34:08,735 - moleculekit.tools.preparation - WARNING - Dubious protonation state: the pKa of 2 residues is within 1.0 units of pH 7.4.
2025-09-03 13:34:08,735 - moleculekit.tools.preparation - WARNING - Dubious protonation state:    GLU    24 A (pKa= 7.66)
2025-09-03 13:34:08,735 - moleculekit.tools.preparation - WARNING - Dubious protonation state:    CYS    30 A (pKa= 6.51)
2025-09-03 13:34:10,471 - moleculekit.tools.preparation - WARNING - Dubious protonation state: the pKa of 1 residues is within 1.0 units of pH 7.4.
2025-09-03 13:34:10,471 - moleculekit.tools.preparation - WARNING - Dubious protonation state:    GLU    24 A (pKa= 7.47)
2025-09-03 13:34:12,223 - moleculekit.tools.preparation - WARNING - Dubious protonation state: the pKa of 2 residues is within 1.0 units of pH 7.4.
2025-09-03 13:34:12,223 - moleculekit.tools.preparation - WARNING - Dubious protonation state:    GLU    24 A (pKa= 7.66)
2025-09-03 13:34:12,224 - moleculekit.tools.preparation - WARNING - Dubious protonation state:    CYS    30 A (pKa= 6.51)
2025-09-03 13:34:13,999 - moleculekit.tools.preparation - WARNING - Dubious protonation state: the pKa of 1 residues is within 1.0 units of pH 7.4.
2025-09-03 13:34:13,999 - moleculekit.tools.preparation - WARNING - Dubious protonation state:    GLU    24 A (pKa= 7.47)
2025-09-03 13:34:15,734 - moleculekit.tools.preparation - WARNING - Dubious protonation state: the pKa of 2 residues is within 1.0 units of pH 7.4.
2025-09-03 13:34:15,734 - moleculekit.tools.preparation - WARNING - Dubious protonation state:    GLU    24 A (pKa= 7.66)
2025-09-03 13:34:15,734 - moleculekit.tools.preparation - WARNING - Dubious protonation state:    CYS    30 A (pKa= 6.51)
2025-09-03 13:34:17,418 - moleculekit.tools.preparation - WARNING - Dubious protonation state: the pKa of 1 residues is within 1.0 units of pH 7.4.
2025-09-03 13:34:17,418 - moleculekit.tools.preparation - WARNING - Dubious protonation state:    GLU    24 A (pKa= 7.47)
2025-09-03 13:35:43,441 - moleculekit.tools.preparation - WARNING - Dubious protonation state: the pKa of 3 residues is within 1.0 units of pH 7.4.
2025-09-03 13:35:43,441 - moleculekit.tools.preparation - WARNING - Dubious protonation state:    ASP    96 A (pKa= 7.43)
2025-09-03 13:35:43,444 - moleculekit.tools.preparation - WARNING - Dubious protonation state:    ASP   115 A (pKa= 7.85)
2025-09-03 13:35:43,444 - moleculekit.tools.preparation - WARNING - Dubious protonation state:    GLU   194 A (pKa= 6.51)
2025-09-03 13:35:45,417 - moleculekit.tools.preparation - WARNING - Dubious protonation state: the pKa of 3 residues is within 1.0 units of pH 7.4.
2025-09-03 13:35:45,417 - moleculekit.tools.preparation - WARNING - Dubious protonation state:    ASP    96 A (pKa= 7.47)
2025-09-03 13:35:45,417 - moleculekit.tools.preparation - WARNING - Dubious protonation state:    ASP   115 A (pKa= 7.80)
2025-09-03 13:35:45,417 - moleculekit.tools.preparation - WARNING - Dubious protonation state:    GLU   194 A (pKa= 6.51)
2025-09-03 13:35:47,364 - moleculekit.tools.preparation - WARNING - Dubious protonation state: the pKa of 3 residues is within 1.0 units of pH 7.4.
2025-09-03 13:35:47,364 - moleculekit.tools.preparation - WARNING - Dubious protonation state:    ASP    96 A (pKa= 7.43)
2025-09-03 13:35:47,364 - moleculekit.tools.preparation - WARNING - Dubious protonation state:    ASP   115 A (pKa= 7.85)
2025-09-03 13:35:47,364 - moleculekit.tools.preparation - WARNING - Dubious protonation state:    GLU   194 A (pKa= 6.51)
2025-09-03 13:35:49,308 - moleculekit.tools.preparation - WARNING - Dubious protonation state: the pKa of 3 residues is within 1.0 units of pH 7.4.
2025-09-03 13:35:49,309 - moleculekit.tools.preparation - WARNING - Dubious protonation state:    ASP    96 A (pKa= 7.47)
2025-09-03 13:35:49,309 - moleculekit.tools.preparation - WARNING - Dubious protonation state:    ASP   115 A (pKa= 7.80)
2025-09-03 13:35:49,309 - moleculekit.tools.preparation - WARNING - Dubious protonation state:    GLU   194 A (pKa= 6.51)
2025-09-03 13:35:51,145 - moleculekit.tools.preparation - WARNING - Dubious protonation state: the pKa of 3 residues is within 1.0 units of pH 7.4.
2025-09-03 13:35:51,145 - moleculekit.tools.preparation - WARNING - Dubious protonation state:    ASP    96 A (pKa= 7.43)
2025-09-03 13:35:51,145 - moleculekit.tools.preparation - WARNING - Dubious protonation state:    ASP   115 A (pKa= 7.85)
2025-09-03 13:35:51,145 - moleculekit.tools.preparation - WARNING - Dubious protonation state:    GLU   194 A (pKa= 6.51)
2025-09-03 13:35:53,102 - moleculekit.tools.preparation - WARNING - Dubious protonation state: the pKa of 3 residues is within 1.0 units of pH 7.4.
2025-09-03 13:35:53,102 - moleculekit.tools.preparation - WARNING - Dubious protonation state:    ASP    96 A (pKa= 7.47)
2025-09-03 13:35:53,102 - moleculekit.tools.preparation - WARNING - Dubious protonation state:    ASP   115 A (pKa= 7.80)
2025-09-03 13:35:53,102 - moleculekit.tools.preparation - WARNING - Dubious protonation state:    GLU   194 A (pKa= 6.51)
2025-09-03 13:35:54,965 - moleculekit.tools.preparation - WARNING - Dubious protonation state: the pKa of 3 residues is within 1.0 units of pH 7.4.
2025-09-03 13:35:54,966 - moleculekit.tools.preparation - WARNING - Dubious protonation state:    ASP    96 A (pKa= 7.43)
2025-09-03 13:35:54,966 - moleculekit.tools.preparation - WARNING - Dubious protonation state:    ASP   115 A (pKa= 7.85)
2025-09-03 13:35:54,966 - moleculekit.tools.preparation - WARNING - Dubious protonation state:    GLU   194 A (pKa= 6.51)
2025-09-03 13:35:56,865 - moleculekit.tools.preparation - WARNING - Dubious protonation state: the pKa of 3 residues is within 1.0 units of pH 7.4.
2025-09-03 13:35:56,866 - moleculekit.tools.preparation - WARNING - Dubious protonation state:    ASP    96 A (pKa= 7.47)
2025-09-03 13:35:56,866 - moleculekit.tools.preparation - WARNING - Dubious protonation state:    ASP   115 A (pKa= 7.80)
2025-09-03 13:35:56,866 - moleculekit.tools.preparation - WARNING - Dubious protonation state:    GLU   194 A (pKa= 6.50)
2025-09-03 13:35:58,737 - moleculekit.tools.preparation - WARNING - Dubious protonation state: the pKa of 3 residues is within 1.0 units of pH 7.4.
2025-09-03 13:35:58,737 - moleculekit.tools.preparation - WARNING - Dubious protonation state:    ASP    96 A (pKa= 7.43)
2025-09-03 13:35:58,738 - moleculekit.tools.preparation - WARNING - Dubious protonation state:    ASP   115 A (pKa= 7.85)
2025-09-03 13:35:58,738 - moleculekit.tools.preparation - WARNING - Dubious protonation state:    GLU   194 A (pKa= 6.51)
2025-09-03 13:36:00,658 - moleculekit.tools.preparation - WARNING - Dubious protonation state: the pKa of 3 residues is within 1.0 units of pH 7.4.
2025-09-03 13:36:00,659 - moleculekit.tools.preparation - WARNING - Dubious protonation state:    ASP    96 A (pKa= 7.47)
2025-09-03 13:36:00,659 - moleculekit.tools.preparation - WARNING - Dubious protonation state:    ASP   115 A (pKa= 7.80)
2025-09-03 13:36:00,659 - moleculekit.tools.preparation - WARNING - Dubious protonation state:    GLU   194 A (pKa= 6.51)
2025-09-03 13:38:18,687 - moleculekit.tools.preparation - WARNING - Dubious protonation state: the pKa of 1 residues is within 1.0 units of pH 7.4.
2025-09-03 13:38:18,687 - moleculekit.tools.preparation - WARNING - Dubious protonation state:    GLU    49 A (pKa= 7.50)
2025-09-03 13:38:23,354 - moleculekit.tools.preparation - WARNING - Dubious protonation state: the pKa of 1 residues is within 1.0 units of pH 7.4.
2025-09-03 13:38:23,355 - moleculekit.tools.preparation - WARNING - Dubious protonation state:    GLU    49 A (pKa= 7.50)
2025-09-03 13:38:28,050 - moleculekit.tools.preparation - WARNING - Dubious protonation state: the pKa of 1 residues is within 1.0 units of pH 7.4.
2025-09-03 13:38:28,050 - moleculekit.tools.preparation - WARNING - Dubious protonation state:    GLU    49 A (pKa= 7.50)
2025-09-03 13:38:34,043 - moleculekit.tools.preparation - WARNING - Dubious protonation state: the pKa of 1 residues is within 1.0 units of pH 7.4.
2025-09-03 13:38:34,043 - moleculekit.tools.preparation - WARNING - Dubious protonation state:    GLU    49 A (pKa= 7.50)
2025-09-03 13:38:39,026 - moleculekit.tools.preparation - WARNING - Dubious protonation state: the pKa of 1 residues is within 1.0 units of pH 7.4.
2025-09-03 13:38:39,027 - moleculekit.tools.preparation - WARNING - Dubious protonation state:    GLU    49 A (pKa= 7.50)
2025-09-03 13:38:44,710 - moleculekit.tools.preparation - WARNING - Dubious protonation state: the pKa of 5 residues is within 1.0 units of pH 7.4.
2025-09-03 13:38:44,710 - moleculekit.tools.preparation - WARNING - Dubious protonation state:    GLU   118 A (pKa= 7.34)
2025-09-03 13:38:44,710 - moleculekit.tools.preparation - WARNING - Dubious protonation state:    ASP   161 A (pKa= 7.81)
2025-09-03 13:38:44,710 - moleculekit.tools.preparation - WARNING - Dubious protonation state:    GLU   190 A (pKa= 8.19)
2025-09-03 13:38:44,710 - moleculekit.tools.preparation - WARNING - Dubious protonation state:    LYS   227 A (pKa= 8.05)
2025-09-03 13:38:44,710 - moleculekit.tools.preparation - WARNING - Dubious protonation state:    ASP   312 A (pKa= 7.16)
2025-09-03 13:38:48,567 - moleculekit.tools.preparation - WARNING - Dubious protonation state: the pKa of 5 residues is within 1.0 units of pH 7.4.
2025-09-03 13:38:48,567 - moleculekit.tools.preparation - WARNING - Dubious protonation state:    GLU   118 A (pKa= 7.03)
2025-09-03 13:38:48,567 - moleculekit.tools.preparation - WARNING - Dubious protonation state:    ASP   161 A (pKa= 7.71)
2025-09-03 13:38:48,567 - moleculekit.tools.preparation - WARNING - Dubious protonation state:    GLU   190 A (pKa= 7.95)
2025-09-03 13:38:48,567 - moleculekit.tools.preparation - WARNING - Dubious protonation state:    LYS   227 A (pKa= 8.27)
2025-09-03 13:38:48,567 - moleculekit.tools.preparation - WARNING - Dubious protonation state:    ASP   312 A (pKa= 7.05)
2025-09-03 13:38:52,439 - moleculekit.tools.preparation - WARNING - Dubious protonation state: the pKa of 5 residues is within 1.0 units of pH 7.4.
2025-09-03 13:38:52,439 - moleculekit.tools.preparation - WARNING - Dubious protonation state:    GLU   118 A (pKa= 7.34)
2025-09-03 13:38:52,439 - moleculekit.tools.preparation - WARNING - Dubious protonation state:    ASP   161 A (pKa= 7.81)
2025-09-03 13:38:52,439 - moleculekit.tools.preparation - WARNING - Dubious protonation state:    GLU   190 A (pKa= 8.19)
2025-09-03 13:38:52,439 - moleculekit.tools.preparation - WARNING - Dubious protonation state:    LYS   227 A (pKa= 8.05)
2025-09-03 13:38:52,439 - moleculekit.tools.preparation - WARNING - Dubious protonation state:    ASP   312 A (pKa= 7.16)
2025-09-03 13:38:56,386 - moleculekit.tools.preparation - WARNING - Dubious protonation state: the pKa of 5 residues is within 1.0 units of pH 7.4.
2025-09-03 13:38:56,386 - moleculekit.tools.preparation - WARNING - Dubious protonation state:    GLU   118 A (pKa= 7.03)
2025-09-03 13:38:56,386 - moleculekit.tools.preparation - WARNING - Dubious protonation state:    ASP   161 A (pKa= 7.71)
2025-09-03 13:38:56,386 - moleculekit.tools.preparation - WARNING - Dubious protonation state:    GLU   190 A (pKa= 7.95)
2025-09-03 13:38:56,386 - moleculekit.tools.preparation - WARNING - Dubious protonation state:    LYS   227 A (pKa= 8.27)
2025-09-03 13:38:56,386 - moleculekit.tools.preparation - WARNING - Dubious protonation state:    ASP   312 A (pKa= 7.06)
2025-09-03 13:39:00,397 - moleculekit.tools.preparation - WARNING - Dubious protonation state: the pKa of 5 residues is within 1.0 units of pH 7.4.
2025-09-03 13:39:00,398 - moleculekit.tools.preparation - WARNING - Dubious protonation state:    GLU   118 A (pKa= 7.34)
2025-09-03 13:39:00,398 - moleculekit.tools.preparation - WARNING - Dubious protonation state:    ASP   161 A (pKa= 7.81)
2025-09-03 13:39:00,398 - moleculekit.tools.preparation - WARNING - Dubious protonation state:    GLU   190 A (pKa= 8.19)
2025-09-03 13:39:00,398 - moleculekit.tools.preparation - WARNING - Dubious protonation state:    LYS   227 A (pKa= 8.05)
2025-09-03 13:39:00,398 - moleculekit.tools.preparation - WARNING - Dubious protonation state:    ASP   312 A (pKa= 7.16)
2025-09-03 13:39:04,401 - moleculekit.tools.preparation - WARNING - Dubious protonation state: the pKa of 5 residues is within 1.0 units of pH 7.4.
2025-09-03 13:39:04,401 - moleculekit.tools.preparation - WARNING - Dubious protonation state:    GLU   118 A (pKa= 7.03)
2025-09-03 13:39:04,401 - moleculekit.tools.preparation - WARNING - Dubious protonation state:    ASP   161 A (pKa= 7.71)
2025-09-03 13:39:04,401 - moleculekit.tools.preparation - WARNING - Dubious protonation state:    GLU   190 A (pKa= 7.95)
2025-09-03 13:39:04,401 - moleculekit.tools.preparation - WARNING - Dubious protonation state:    LYS   227 A (pKa= 8.27)
2025-09-03 13:39:04,401 - moleculekit.tools.preparation - WARNING - Dubious protonation state:    ASP   312 A (pKa= 7.06)
2025-09-03 13:39:08,412 - moleculekit.tools.preparation - WARNING - Dubious protonation state: the pKa of 5 residues is within 1.0 units of pH 7.4.
2025-09-03 13:39:08,412 - moleculekit.tools.preparation - WARNING - Dubious protonation state:    GLU   118 A (pKa= 7.34)
2025-09-03 13:39:08,412 - moleculekit.tools.preparation - WARNING - Dubious protonation state:    ASP   161 A (pKa= 7.81)
2025-09-03 13:39:08,412 - moleculekit.tools.preparation - WARNING - Dubious protonation state:    GLU   190 A (pKa= 8.19)
2025-09-03 13:39:08,412 - moleculekit.tools.preparation - WARNING - Dubious protonation state:    LYS   227 A (pKa= 8.05)
2025-09-03 13:39:08,412 - moleculekit.tools.preparation - WARNING - Dubious protonation state:    ASP   312 A (pKa= 7.16)
2025-09-03 13:39:12,102 - moleculekit.tools.preparation - WARNING - Dubious protonation state: the pKa of 5 residues is within 1.0 units of pH 7.4.
2025-09-03 13:39:12,102 - moleculekit.tools.preparation - WARNING - Dubious protonation state:    GLU   118 A (pKa= 7.03)
2025-09-03 13:39:12,102 - moleculekit.tools.preparation - WARNING - Dubious protonation state:    ASP   161 A (pKa= 7.71)
2025-09-03 13:39:12,102 - moleculekit.tools.preparation - WARNING - Dubious protonation state:    GLU   190 A (pKa= 7.95)
2025-09-03 13:39:12,102 - moleculekit.tools.preparation - WARNING - Dubious protonation state:    LYS   227 A (pKa= 8.27)
2025-09-03 13:39:12,102 - moleculekit.tools.preparation - WARNING - Dubious protonation state:    ASP   312 A (pKa= 7.06)
2025-09-03 13:39:15,964 - moleculekit.tools.preparation - WARNING - Dubious protonation state: the pKa of 5 residues is within 1.0 units of pH 7.4.
2025-09-03 13:39:15,964 - moleculekit.tools.preparation - WARNING - Dubious protonation state:    GLU   118 A (pKa= 7.34)
2025-09-03 13:39:15,964 - moleculekit.tools.preparation - WARNING - Dubious protonation state:    ASP   161 A (pKa= 7.81)
2025-09-03 13:39:15,964 - moleculekit.tools.preparation - WARNING - Dubious protonation state:    GLU   190 A (pKa= 8.19)
2025-09-03 13:39:15,964 - moleculekit.tools.preparation - WARNING - Dubious protonation state:    LYS   227 A (pKa= 8.05)
2025-09-03 13:39:15,964 - moleculekit.tools.preparation - WARNING - Dubious protonation state:    ASP   312 A (pKa= 7.16)
2025-09-03 13:39:20,081 - moleculekit.tools.preparation - WARNING - Dubious protonation state: the pKa of 5 residues is within 1.0 units of pH 7.4.
2025-09-03 13:39:20,081 - moleculekit.tools.preparation - WARNING - Dubious protonation state:    GLU   118 A (pKa= 7.04)
2025-09-03 13:39:20,081 - moleculekit.tools.preparation - WARNING - Dubious protonation state:    ASP   161 A (pKa= 7.71)
2025-09-03 13:39:20,081 - moleculekit.tools.preparation - WARNING - Dubious protonation state:    GLU   190 A (pKa= 7.95)
2025-09-03 13:39:20,081 - moleculekit.tools.preparation - WARNING - Dubious protonation state:    LYS   227 A (pKa= 8.27)
2025-09-03 13:39:20,081 - moleculekit.tools.preparation - WARNING - Dubious protonation state:    ASP   312 A (pKa= 7.06)
2025-09-03 13:42:20,877 - moleculekit.tools.preparation - WARNING - Dubious protonation state: the pKa of 1 residues is within 1.0 units of pH 7.4.
2025-09-03 13:42:20,878 - moleculekit.tools.preparation - WARNING - Dubious protonation state:    GLU    49 A (pKa= 7.50)
2025-09-03 13:42:23,512 - moleculekit.tools.preparation - WARNING - Dubious protonation state: the pKa of 1 residues is within 1.0 units of pH 7.4.
2025-09-03 13:42:23,513 - moleculekit.tools.preparation - WARNING - Dubious protonation state:    GLU    49 A (pKa= 7.43)
2025-09-03 13:42:26,191 - moleculekit.tools.preparation - WARNING - Dubious protonation state: the pKa of 1 residues is within 1.0 units of pH 7.4.
2025-09-03 13:42:26,191 - moleculekit.tools.preparation - WARNING - Dubious protonation state:    GLU    49 A (pKa= 7.50)
2025-09-03 13:42:29,083 - moleculekit.tools.preparation - WARNING - Dubious protonation state: the pKa of 1 residues is within 1.0 units of pH 7.4.
2025-09-03 13:42:29,083 - moleculekit.tools.preparation - WARNING - Dubious protonation state:    GLU    49 A (pKa= 7.43)
2025-09-03 13:42:31,834 - moleculekit.tools.preparation - WARNING - Dubious protonation state: the pKa of 1 residues is within 1.0 units of pH 7.4.
2025-09-03 13:42:31,834 - moleculekit.tools.preparation - WARNING - Dubious protonation state:    GLU    49 A (pKa= 7.50)
2025-09-03 13:42:34,592 - moleculekit.tools.preparation - WARNING - Dubious protonation state: the pKa of 1 residues is within 1.0 units of pH 7.4.
2025-09-03 13:42:34,592 - moleculekit.tools.preparation - WARNING - Dubious protonation state:    GLU    49 A (pKa= 7.43)
2025-09-03 13:42:37,510 - moleculekit.tools.preparation - WARNING - Dubious protonation state: the pKa of 1 residues is within 1.0 units of pH 7.4.
2025-09-03 13:42:37,511 - moleculekit.tools.preparation - WARNING - Dubious protonation state:    GLU    49 A (pKa= 7.50)
2025-09-03 13:42:40,108 - moleculekit.tools.preparation - WARNING - Dubious protonation state: the pKa of 1 residues is within 1.0 units of pH 7.4.
2025-09-03 13:42:40,108 - moleculekit.tools.preparation - WARNING - Dubious protonation state:    GLU    49 A (pKa= 7.43)
2025-09-03 13:42:42,809 - moleculekit.tools.preparation - WARNING - Dubious protonation state: the pKa of 1 residues is within 1.0 units of pH 7.4.
2025-09-03 13:42:42,809 - moleculekit.tools.preparation - WARNING - Dubious protonation state:    GLU    49 A (pKa= 7.50)
2025-09-03 13:42:45,549 - moleculekit.tools.preparation - WARNING - Dubious protonation state: the pKa of 1 residues is within 1.0 units of pH 7.4.
2025-09-03 13:42:45,549 - moleculekit.tools.preparation - WARNING - Dubious protonation state:    GLU    49 A (pKa= 7.43)
2025-09-03 13:42:48,343 - moleculekit.tools.preparation - WARNING - Dubious protonation state: the pKa of 1 residues is within 1.0 units of pH 7.4.
2025-09-03 13:42:48,344 - moleculekit.tools.preparation - WARNING - Dubious protonation state:    GLU    49 A (pKa= 7.50)
2025-09-03 13:42:50,883 - moleculekit.tools.preparation - WARNING - Dubious protonation state: the pKa of 1 residues is within 1.0 units of pH 7.4.
2025-09-03 13:42:50,883 - moleculekit.tools.preparation - WARNING - Dubious protonation state:    GLU    49 A (pKa= 7.44)
2025-09-03 13:42:53,662 - moleculekit.tools.preparation - WARNING - Dubious protonation state: the pKa of 1 residues is within 1.0 units of pH 7.4.
2025-09-03 13:42:53,662 - moleculekit.tools.preparation - WARNING - Dubious protonation state:    GLU    49 A (pKa= 7.50)
2025-09-03 13:42:56,384 - moleculekit.tools.preparation - WARNING - Dubious protonation state: the pKa of 1 residues is within 1.0 units of pH 7.4.
2025-09-03 13:42:56,384 - moleculekit.tools.preparation - WARNING - Dubious protonation state:    GLU    49 A (pKa= 7.44)
2025-09-03 13:42:58,958 - moleculekit.tools.preparation - WARNING - Dubious protonation state: the pKa of 1 residues is within 1.0 units of pH 7.4.
2025-09-03 13:42:58,958 - moleculekit.tools.preparation - WARNING - Dubious protonation state:    GLU    49 A (pKa= 7.50)
2025-09-03 13:43:01,800 - moleculekit.tools.preparation - WARNING - Dubious protonation state: the pKa of 1 residues is within 1.0 units of pH 7.4.
2025-09-03 13:43:01,800 - moleculekit.tools.preparation - WARNING - Dubious protonation state:    GLU    49 A (pKa= 7.44)
2025-09-03 13:43:04,572 - moleculekit.tools.preparation - WARNING - Dubious protonation state: the pKa of 1 residues is within 1.0 units of pH 7.4.
2025-09-03 13:43:04,572 - moleculekit.tools.preparation - WARNING - Dubious protonation state:    GLU    49 A (pKa= 7.50)
2025-09-03 13:43:07,233 - moleculekit.tools.preparation - WARNING - Dubious protonation state: the pKa of 1 residues is within 1.0 units of pH 7.4.
2025-09-03 13:43:07,233 - moleculekit.tools.preparation - WARNING - Dubious protonation state:    GLU    49 A (pKa= 7.44)
2025-09-03 13:43:10,005 - moleculekit.tools.preparation - WARNING - Dubious protonation state: the pKa of 1 residues is within 1.0 units of pH 7.4.
2025-09-03 13:43:10,005 - moleculekit.tools.preparation - WARNING - Dubious protonation state:    GLU    49 A (pKa= 7.50)
2025-09-03 13:43:12,811 - moleculekit.tools.preparation - WARNING - Dubious protonation state: the pKa of 1 residues is within 1.0 units of pH 7.4.
2025-09-03 13:43:12,811 - moleculekit.tools.preparation - WARNING - Dubious protonation state:    GLU    49 A (pKa= 7.43)
2025-09-03 13:43:32,623 - moleculekit.tools.preparation - WARNING - Dubious protonation state: the pKa of 2 residues is within 1.0 units of pH 7.4.
2025-09-03 13:43:32,624 - moleculekit.tools.preparation - WARNING - Dubious protonation state:    ASP   232 A (pKa= 6.99)
2025-09-03 13:43:32,624 - moleculekit.tools.preparation - WARNING - Dubious protonation state:    ASP   344 A (pKa= 7.46)
2025-09-03 13:43:42,066 - moleculekit.tools.preparation - WARNING - Dubious protonation state: the pKa of 2 residues is within 1.0 units of pH 7.4.
2025-09-03 13:43:42,067 - moleculekit.tools.preparation - WARNING - Dubious protonation state:    ASP   232 A (pKa= 6.95)
2025-09-03 13:43:42,067 - moleculekit.tools.preparation - WARNING - Dubious protonation state:    ASP   344 A (pKa= 7.95)
2025-09-03 13:43:51,144 - moleculekit.tools.preparation - WARNING - Dubious protonation state: the pKa of 2 residues is within 1.0 units of pH 7.4.
2025-09-03 13:43:51,144 - moleculekit.tools.preparation - WARNING - Dubious protonation state:    ASP   232 A (pKa= 6.98)
2025-09-03 13:43:51,144 - moleculekit.tools.preparation - WARNING - Dubious protonation state:    ASP   344 A (pKa= 7.46)
2025-09-03 13:44:00,447 - moleculekit.tools.preparation - WARNING - Dubious protonation state: the pKa of 2 residues is within 1.0 units of pH 7.4.
2025-09-03 13:44:00,447 - moleculekit.tools.preparation - WARNING - Dubious protonation state:    ASP   232 A (pKa= 6.96)
2025-09-03 13:44:00,447 - moleculekit.tools.preparation - WARNING - Dubious protonation state:    ASP   344 A (pKa= 7.95)
2025-09-03 13:44:09,538 - moleculekit.tools.preparation - WARNING - Dubious protonation state: the pKa of 2 residues is within 1.0 units of pH 7.4.
2025-09-03 13:44:09,539 - moleculekit.tools.preparation - WARNING - Dubious protonation state:    ASP   232 A (pKa= 6.99)
2025-09-03 13:44:09,539 - moleculekit.tools.preparation - WARNING - Dubious protonation state:    ASP   344 A (pKa= 7.46)
2025-09-03 13:44:18,928 - moleculekit.tools.preparation - WARNING - Dubious protonation state: the pKa of 2 residues is within 1.0 units of pH 7.4.
2025-09-03 13:44:18,929 - moleculekit.tools.preparation - WARNING - Dubious protonation state:    ASP   232 A (pKa= 6.95)
2025-09-03 13:44:18,929 - moleculekit.tools.preparation - WARNING - Dubious protonation state:    ASP   344 A (pKa= 7.95)
2025-09-03 13:44:28,475 - moleculekit.tools.preparation - WARNING - Dubious protonation state: the pKa of 2 residues is within 1.0 units of pH 7.4.
2025-09-03 13:44:28,475 - moleculekit.tools.preparation - WARNING - Dubious protonation state:    ASP   232 A (pKa= 6.98)
2025-09-03 13:44:28,475 - moleculekit.tools.preparation - WARNING - Dubious protonation state:    ASP   344 A (pKa= 7.46)
2025-09-03 13:44:37,756 - moleculekit.tools.preparation - WARNING - Dubious protonation state: the pKa of 2 residues is within 1.0 units of pH 7.4.
2025-09-03 13:44:37,756 - moleculekit.tools.preparation - WARNING - Dubious protonation state:    ASP   232 A (pKa= 6.95)
2025-09-03 13:44:37,756 - moleculekit.tools.preparation - WARNING - Dubious protonation state:    ASP   344 A (pKa= 7.95)
2025-09-03 13:44:46,733 - moleculekit.tools.preparation - WARNING - Dubious protonation state: the pKa of 2 residues is within 1.0 units of pH 7.4.
2025-09-03 13:44:46,733 - moleculekit.tools.preparation - WARNING - Dubious protonation state:    ASP   232 A (pKa= 6.99)
2025-09-03 13:44:46,734 - moleculekit.tools.preparation - WARNING - Dubious protonation state:    ASP   344 A (pKa= 7.46)
2025-09-03 13:44:55,510 - moleculekit.tools.preparation - WARNING - Dubious protonation state: the pKa of 2 residues is within 1.0 units of pH 7.4.
2025-09-03 13:44:55,510 - moleculekit.tools.preparation - WARNING - Dubious protonation state:    ASP   232 A (pKa= 6.95)
2025-09-03 13:44:55,510 - moleculekit.tools.preparation - WARNING - Dubious protonation state:    ASP   344 A (pKa= 7.95)
2025-09-03 13:45:02,105 - moleculekit.tools.preparation - WARNING - Dubious protonation state: the pKa of 4 residues is within 1.0 units of pH 7.4.
2025-09-03 13:45:02,105 - moleculekit.tools.preparation - WARNING - Dubious protonation state:    LYS    68 A (pKa= 7.41)
2025-09-03 13:45:02,105 - moleculekit.tools.preparation - WARNING - Dubious protonation state:    LYS    92 A (pKa= 8.32)
2025-09-03 13:45:02,105 - moleculekit.tools.preparation - WARNING - Dubious protonation state:    GLU   313 A (pKa= 6.58)
2025-09-03 13:45:02,105 - moleculekit.tools.preparation - WARNING - Dubious protonation state:    ASP   355 A (pKa= 6.98)
2025-09-03 13:45:06,572 - moleculekit.tools.preparation - WARNING - Dubious protonation state: the pKa of 3 residues is within 1.0 units of pH 7.4.
2025-09-03 13:45:06,572 - moleculekit.tools.preparation - WARNING - Dubious protonation state:    LYS    68 A (pKa= 7.51)
2025-09-03 13:45:06,572 - moleculekit.tools.preparation - WARNING - Dubious protonation state:    LYS    92 A (pKa= 8.34)
2025-09-03 13:45:06,572 - moleculekit.tools.preparation - WARNING - Dubious protonation state:    ASP   355 A (pKa= 6.83)
2025-09-03 13:45:10,877 - moleculekit.tools.preparation - WARNING - Dubious protonation state: the pKa of 4 residues is within 1.0 units of pH 7.4.
2025-09-03 13:45:10,877 - moleculekit.tools.preparation - WARNING - Dubious protonation state:    LYS    68 A (pKa= 7.41)
2025-09-03 13:45:10,877 - moleculekit.tools.preparation - WARNING - Dubious protonation state:    LYS    92 A (pKa= 8.32)
2025-09-03 13:45:10,877 - moleculekit.tools.preparation - WARNING - Dubious protonation state:    GLU   313 A (pKa= 6.58)
2025-09-03 13:45:10,877 - moleculekit.tools.preparation - WARNING - Dubious protonation state:    ASP   355 A (pKa= 6.98)
2025-09-03 13:45:15,309 - moleculekit.tools.preparation - WARNING - Dubious protonation state: the pKa of 3 residues is within 1.0 units of pH 7.4.
2025-09-03 13:45:15,309 - moleculekit.tools.preparation - WARNING - Dubious protonation state:    LYS    68 A (pKa= 7.51)
2025-09-03 13:45:15,309 - moleculekit.tools.preparation - WARNING - Dubious protonation state:    LYS    92 A (pKa= 8.34)
2025-09-03 13:45:15,309 - moleculekit.tools.preparation - WARNING - Dubious protonation state:    ASP   355 A (pKa= 6.83)
2025-09-03 13:45:19,712 - moleculekit.tools.preparation - WARNING - Dubious protonation state: the pKa of 4 residues is within 1.0 units of pH 7.4.
2025-09-03 13:45:19,712 - moleculekit.tools.preparation - WARNING - Dubious protonation state:    LYS    68 A (pKa= 7.41)
2025-09-03 13:45:19,712 - moleculekit.tools.preparation - WARNING - Dubious protonation state:    LYS    92 A (pKa= 8.32)
2025-09-03 13:45:19,712 - moleculekit.tools.preparation - WARNING - Dubious protonation state:    GLU   313 A (pKa= 6.58)
2025-09-03 13:45:19,712 - moleculekit.tools.preparation - WARNING - Dubious protonation state:    ASP   355 A (pKa= 6.98)
2025-09-03 13:45:24,031 - moleculekit.tools.preparation - WARNING - Dubious protonation state: the pKa of 3 residues is within 1.0 units of pH 7.4.
2025-09-03 13:45:24,031 - moleculekit.tools.preparation - WARNING - Dubious protonation state:    LYS    68 A (pKa= 7.51)
2025-09-03 13:45:24,031 - moleculekit.tools.preparation - WARNING - Dubious protonation state:    LYS    92 A (pKa= 8.34)
2025-09-03 13:45:24,031 - moleculekit.tools.preparation - WARNING - Dubious protonation state:    ASP   355 A (pKa= 6.83)
2025-09-03 13:45:28,315 - moleculekit.tools.preparation - WARNING - Dubious protonation state: the pKa of 4 residues is within 1.0 units of pH 7.4.
2025-09-03 13:45:28,315 - moleculekit.tools.preparation - WARNING - Dubious protonation state:    LYS    68 A (pKa= 7.41)
2025-09-03 13:45:28,315 - moleculekit.tools.preparation - WARNING - Dubious protonation state:    LYS    92 A (pKa= 8.32)
2025-09-03 13:45:28,315 - moleculekit.tools.preparation - WARNING - Dubious protonation state:    GLU   313 A (pKa= 6.58)
2025-09-03 13:45:28,315 - moleculekit.tools.preparation - WARNING - Dubious protonation state:    ASP   355 A (pKa= 6.97)
2025-09-03 13:45:32,820 - moleculekit.tools.preparation - WARNING - Dubious protonation state: the pKa of 3 residues is within 1.0 units of pH 7.4.
2025-09-03 13:45:32,820 - moleculekit.tools.preparation - WARNING - Dubious protonation state:    LYS    68 A (pKa= 7.51)
2025-09-03 13:45:32,820 - moleculekit.tools.preparation - WARNING - Dubious protonation state:    LYS    92 A (pKa= 8.34)
2025-09-03 13:45:32,820 - moleculekit.tools.preparation - WARNING - Dubious protonation state:    ASP   355 A (pKa= 6.83)
2025-09-03 13:45:37,281 - moleculekit.tools.preparation - WARNING - Dubious protonation state: the pKa of 4 residues is within 1.0 units of pH 7.4.
2025-09-03 13:45:37,281 - moleculekit.tools.preparation - WARNING - Dubious protonation state:    LYS    68 A (pKa= 7.41)
2025-09-03 13:45:37,281 - moleculekit.tools.preparation - WARNING - Dubious protonation state:    LYS    92 A (pKa= 8.32)
2025-09-03 13:45:37,282 - moleculekit.tools.preparation - WARNING - Dubious protonation state:    GLU   313 A (pKa= 6.58)
2025-09-03 13:45:37,282 - moleculekit.tools.preparation - WARNING - Dubious protonation state:    ASP   355 A (pKa= 6.98)
2025-09-03 13:45:41,580 - moleculekit.tools.preparation - WARNING - Dubious protonation state: the pKa of 3 residues is within 1.0 units of pH 7.4.
2025-09-03 13:45:41,580 - moleculekit.tools.preparation - WARNING - Dubious protonation state:    LYS    68 A (pKa= 7.51)
2025-09-03 13:45:41,580 - moleculekit.tools.preparation - WARNING - Dubious protonation state:    LYS    92 A (pKa= 8.34)
2025-09-03 13:45:41,580 - moleculekit.tools.preparation - WARNING - Dubious protonation state:    ASP   355 A (pKa= 6.83)
2025-09-03 13:45:57,593 - moleculekit.tools.preparation - WARNING - Dubious protonation state: the pKa of 2 residues is within 1.0 units of pH 7.4.
2025-09-03 13:45:57,593 - moleculekit.tools.preparation - WARNING - Dubious protonation state:    CYS     6 A (pKa= 6.66)
2025-09-03 13:45:57,593 - moleculekit.tools.preparation - WARNING - Dubious protonation state:    CYS    39 A (pKa= 8.32)
2025-09-03 13:45:58,894 - moleculekit.tools.preparation - WARNING - Dubious protonation state: the pKa of 2 residues is within 1.0 units of pH 7.4.
2025-09-03 13:45:58,895 - moleculekit.tools.preparation - WARNING - Dubious protonation state:    CYS     6 A (pKa= 6.69)
2025-09-03 13:45:58,895 - moleculekit.tools.preparation - WARNING - Dubious protonation state:    CYS    39 A (pKa= 8.36)
2025-09-03 13:46:00,059 - moleculekit.tools.preparation - WARNING - Dubious protonation state: the pKa of 2 residues is within 1.0 units of pH 7.4.
2025-09-03 13:46:00,059 - moleculekit.tools.preparation - WARNING - Dubious protonation state:    CYS     6 A (pKa= 6.66)
2025-09-03 13:46:00,059 - moleculekit.tools.preparation - WARNING - Dubious protonation state:    CYS    39 A (pKa= 8.32)
2025-09-03 13:46:01,467 - moleculekit.tools.preparation - WARNING - Dubious protonation state: the pKa of 2 residues is within 1.0 units of pH 7.4.
2025-09-03 13:46:01,467 - moleculekit.tools.preparation - WARNING - Dubious protonation state:    CYS     6 A (pKa= 6.69)
2025-09-03 13:46:01,467 - moleculekit.tools.preparation - WARNING - Dubious protonation state:    CYS    39 A (pKa= 8.36)
2025-09-03 13:46:02,788 - moleculekit.tools.preparation - WARNING - Dubious protonation state: the pKa of 2 residues is within 1.0 units of pH 7.4.
2025-09-03 13:46:02,789 - moleculekit.tools.preparation - WARNING - Dubious protonation state:    CYS     6 A (pKa= 6.66)
2025-09-03 13:46:02,789 - moleculekit.tools.preparation - WARNING - Dubious protonation state:    CYS    39 A (pKa= 8.31)
2025-09-03 13:46:04,120 - moleculekit.tools.preparation - WARNING - Dubious protonation state: the pKa of 2 residues is within 1.0 units of pH 7.4.
2025-09-03 13:46:04,121 - moleculekit.tools.preparation - WARNING - Dubious protonation state:    CYS     6 A (pKa= 6.69)
2025-09-03 13:46:04,121 - moleculekit.tools.preparation - WARNING - Dubious protonation state:    CYS    39 A (pKa= 8.36)
2025-09-03 13:46:05,357 - moleculekit.tools.preparation - WARNING - Dubious protonation state: the pKa of 2 residues is within 1.0 units of pH 7.4.
2025-09-03 13:46:05,357 - moleculekit.tools.preparation - WARNING - Dubious protonation state:    CYS     6 A (pKa= 6.66)
2025-09-03 13:46:05,357 - moleculekit.tools.preparation - WARNING - Dubious protonation state:    CYS    39 A (pKa= 8.32)
2025-09-03 13:46:06,673 - moleculekit.tools.preparation - WARNING - Dubious protonation state: the pKa of 2 residues is within 1.0 units of pH 7.4.
2025-09-03 13:46:06,673 - moleculekit.tools.preparation - WARNING - Dubious protonation state:    CYS     6 A (pKa= 6.69)
2025-09-03 13:46:06,674 - moleculekit.tools.preparation - WARNING - Dubious protonation state:    CYS    39 A (pKa= 8.36)
2025-09-03 13:46:07,892 - moleculekit.tools.preparation - WARNING - Dubious protonation state: the pKa of 2 residues is within 1.0 units of pH 7.4.
2025-09-03 13:46:07,892 - moleculekit.tools.preparation - WARNING - Dubious protonation state:    CYS     6 A (pKa= 6.66)
2025-09-03 13:46:07,893 - moleculekit.tools.preparation - WARNING - Dubious protonation state:    CYS    39 A (pKa= 8.32)
2025-09-03 13:46:09,277 - moleculekit.tools.preparation - WARNING - Dubious protonation state: the pKa of 2 residues is within 1.0 units of pH 7.4.
2025-09-03 13:46:09,277 - moleculekit.tools.preparation - WARNING - Dubious protonation state:    CYS     6 A (pKa= 6.69)
2025-09-03 13:46:09,277 - moleculekit.tools.preparation - WARNING - Dubious protonation state:    CYS    39 A (pKa= 8.36)
2025-09-03 13:47:29,251 - moleculekit.tools.preparation - WARNING - Dubious protonation state: the pKa of 1 residues is within 1.0 units of pH 7.4.
2025-09-03 13:47:29,252 - moleculekit.tools.preparation - WARNING - Dubious protonation state:    GLU    49 A (pKa= 7.08)
2025-09-03 13:47:32,151 - moleculekit.tools.preparation - WARNING - Dubious protonation state: the pKa of 1 residues is within 1.0 units of pH 7.4.
2025-09-03 13:47:32,152 - moleculekit.tools.preparation - WARNING - Dubious protonation state:    GLU    49 A (pKa= 7.06)
2025-09-03 13:47:35,003 - moleculekit.tools.preparation - WARNING - Dubious protonation state: the pKa of 1 residues is within 1.0 units of pH 7.4.
2025-09-03 13:47:35,003 - moleculekit.tools.preparation - WARNING - Dubious protonation state:    GLU    49 A (pKa= 7.08)
2025-09-03 13:47:37,829 - moleculekit.tools.preparation - WARNING - Dubious protonation state: the pKa of 1 residues is within 1.0 units of pH 7.4.
2025-09-03 13:47:37,829 - moleculekit.tools.preparation - WARNING - Dubious protonation state:    GLU    49 A (pKa= 7.06)
2025-09-03 13:47:40,530 - moleculekit.tools.preparation - WARNING - Dubious protonation state: the pKa of 1 residues is within 1.0 units of pH 7.4.
2025-09-03 13:47:40,530 - moleculekit.tools.preparation - WARNING - Dubious protonation state:    GLU    49 A (pKa= 7.08)
2025-09-03 13:47:43,226 - moleculekit.tools.preparation - WARNING - Dubious protonation state: the pKa of 1 residues is within 1.0 units of pH 7.4.
2025-09-03 13:47:43,226 - moleculekit.tools.preparation - WARNING - Dubious protonation state:    GLU    49 A (pKa= 7.06)
2025-09-03 13:47:46,002 - moleculekit.tools.preparation - WARNING - Dubious protonation state: the pKa of 1 residues is within 1.0 units of pH 7.4.
2025-09-03 13:47:46,002 - moleculekit.tools.preparation - WARNING - Dubious protonation state:    GLU    49 A (pKa= 7.08)
2025-09-03 13:47:48,873 - moleculekit.tools.preparation - WARNING - Dubious protonation state: the pKa of 1 residues is within 1.0 units of pH 7.4.
2025-09-03 13:47:48,873 - moleculekit.tools.preparation - WARNING - Dubious protonation state:    GLU    49 A (pKa= 7.06)
2025-09-03 13:47:51,534 - moleculekit.tools.preparation - WARNING - Dubious protonation state: the pKa of 1 residues is within 1.0 units of pH 7.4.
2025-09-03 13:47:51,534 - moleculekit.tools.preparation - WARNING - Dubious protonation state:    GLU    49 A (pKa= 7.08)
2025-09-03 13:47:54,129 - moleculekit.tools.preparation - WARNING - Dubious protonation state: the pKa of 1 residues is within 1.0 units of pH 7.4.
2025-09-03 13:47:54,129 - moleculekit.tools.preparation - WARNING - Dubious protonation state:    GLU    49 A (pKa= 7.06)
2025-09-03 13:47:56,165 - moleculekit.tools.preparation - WARNING - Dubious protonation state: the pKa of 1 residues is within 1.0 units of pH 7.4.
2025-09-03 13:47:56,165 - moleculekit.tools.preparation - WARNING - Dubious protonation state:    GLU   887 A (pKa= 6.54)
2025-09-03 13:47:57,740 - moleculekit.tools.preparation - WARNING - Dubious protonation state: the pKa of 1 residues is within 1.0 units of pH 7.4.
2025-09-03 13:47:57,740 - moleculekit.tools.preparation - WARNING - Dubious protonation state:    GLU   887 A (pKa= 6.51)
2025-09-03 13:47:59,419 - moleculekit.tools.preparation - WARNING - Dubious protonation state: the pKa of 1 residues is within 1.0 units of pH 7.4.
2025-09-03 13:47:59,420 - moleculekit.tools.preparation - WARNING - Dubious protonation state:    GLU   887 A (pKa= 6.54)
2025-09-03 13:48:00,765 - moleculekit.tools.preparation - WARNING - Dubious protonation state: the pKa of 1 residues is within 1.0 units of pH 7.4.
2025-09-03 13:48:00,765 - moleculekit.tools.preparation - WARNING - Dubious protonation state:    GLU   887 A (pKa= 6.51)
2025-09-03 13:48:02,250 - moleculekit.tools.preparation - WARNING - Dubious protonation state: the pKa of 1 residues is within 1.0 units of pH 7.4.
2025-09-03 13:48:02,250 - moleculekit.tools.preparation - WARNING - Dubious protonation state:    GLU   887 A (pKa= 6.55)
2025-09-03 13:48:03,831 - moleculekit.tools.preparation - WARNING - Dubious protonation state: the pKa of 1 residues is within 1.0 units of pH 7.4.
2025-09-03 13:48:03,831 - moleculekit.tools.preparation - WARNING - Dubious protonation state:    GLU   887 A (pKa= 6.51)
2025-09-03 13:48:05,244 - moleculekit.tools.preparation - WARNING - Dubious protonation state: the pKa of 1 residues is within 1.0 units of pH 7.4.
2025-09-03 13:48:05,245 - moleculekit.tools.preparation - WARNING - Dubious protonation state:    GLU   887 A (pKa= 6.54)
2025-09-03 13:48:06,797 - moleculekit.tools.preparation - WARNING - Dubious protonation state: the pKa of 1 residues is within 1.0 units of pH 7.4.
2025-09-03 13:48:06,797 - moleculekit.tools.preparation - WARNING - Dubious protonation state:    GLU   887 A (pKa= 6.51)
2025-09-03 13:48:08,444 - moleculekit.tools.preparation - WARNING - Dubious protonation state: the pKa of 1 residues is within 1.0 units of pH 7.4.
2025-09-03 13:48:08,444 - moleculekit.tools.preparation - WARNING - Dubious protonation state:    GLU   887 A (pKa= 6.55)
2025-09-03 13:48:09,977 - moleculekit.tools.preparation - WARNING - Dubious protonation state: the pKa of 1 residues is within 1.0 units of pH 7.4.
2025-09-03 13:48:09,977 - moleculekit.tools.preparation - WARNING - Dubious protonation state:    GLU   887 A (pKa= 6.51)
2025-09-03 13:50:00,298 - moleculekit.tools.preparation - WARNING - Dubious protonation state: the pKa of 3 residues is within 1.0 units of pH 7.4.
2025-09-03 13:50:00,299 - moleculekit.tools.preparation - WARNING - Dubious protonation state:    ASP    96 A (pKa= 7.43)
2025-09-03 13:50:00,299 - moleculekit.tools.preparation - WARNING - Dubious protonation state:    ASP   115 A (pKa= 7.85)
2025-09-03 13:50:00,299 - moleculekit.tools.preparation - WARNING - Dubious protonation state:    GLU   194 A (pKa= 6.51)
2025-09-03 13:50:02,806 - moleculekit.tools.preparation - WARNING - Dubious protonation state: the pKa of 4 residues is within 1.0 units of pH 7.4.
2025-09-03 13:50:02,806 - moleculekit.tools.preparation - WARNING - Dubious protonation state:    ASP    85 A (pKa= 6.70)
2025-09-03 13:50:02,806 - moleculekit.tools.preparation - WARNING - Dubious protonation state:    ASP    96 A (pKa= 7.37)
2025-09-03 13:50:02,806 - moleculekit.tools.preparation - WARNING - Dubious protonation state:    ASP   115 A (pKa= 7.74)
2025-09-03 13:50:02,806 - moleculekit.tools.preparation - WARNING - Dubious protonation state:    GLU   194 A (pKa= 6.63)
2025-09-03 13:50:05,251 - moleculekit.tools.preparation - WARNING - Dubious protonation state: the pKa of 3 residues is within 1.0 units of pH 7.4.
2025-09-03 13:50:05,251 - moleculekit.tools.preparation - WARNING - Dubious protonation state:    ASP    96 A (pKa= 7.43)
2025-09-03 13:50:05,251 - moleculekit.tools.preparation - WARNING - Dubious protonation state:    ASP   115 A (pKa= 7.85)
2025-09-03 13:50:05,251 - moleculekit.tools.preparation - WARNING - Dubious protonation state:    GLU   194 A (pKa= 6.51)
2025-09-03 13:50:07,961 - moleculekit.tools.preparation - WARNING - Dubious protonation state: the pKa of 4 residues is within 1.0 units of pH 7.4.
2025-09-03 13:50:07,962 - moleculekit.tools.preparation - WARNING - Dubious protonation state:    ASP    85 A (pKa= 6.70)
2025-09-03 13:50:07,962 - moleculekit.tools.preparation - WARNING - Dubious protonation state:    ASP    96 A (pKa= 7.37)
2025-09-03 13:50:07,962 - moleculekit.tools.preparation - WARNING - Dubious protonation state:    ASP   115 A (pKa= 7.74)
2025-09-03 13:50:07,962 - moleculekit.tools.preparation - WARNING - Dubious protonation state:    GLU   194 A (pKa= 6.63)
2025-09-03 13:50:10,486 - moleculekit.tools.preparation - WARNING - Dubious protonation state: the pKa of 3 residues is within 1.0 units of pH 7.4.
2025-09-03 13:50:10,486 - moleculekit.tools.preparation - WARNING - Dubious protonation state:    ASP    96 A (pKa= 7.43)
2025-09-03 13:50:10,486 - moleculekit.tools.preparation - WARNING - Dubious protonation state:    ASP   115 A (pKa= 7.85)
2025-09-03 13:50:10,486 - moleculekit.tools.preparation - WARNING - Dubious protonation state:    GLU   194 A (pKa= 6.51)
2025-09-03 13:50:12,916 - moleculekit.tools.preparation - WARNING - Dubious protonation state: the pKa of 4 residues is within 1.0 units of pH 7.4.
2025-09-03 13:50:12,916 - moleculekit.tools.preparation - WARNING - Dubious protonation state:    ASP    85 A (pKa= 6.70)
2025-09-03 13:50:12,916 - moleculekit.tools.preparation - WARNING - Dubious protonation state:    ASP    96 A (pKa= 7.37)
2025-09-03 13:50:12,916 - moleculekit.tools.preparation - WARNING - Dubious protonation state:    ASP   115 A (pKa= 7.74)
2025-09-03 13:50:12,916 - moleculekit.tools.preparation - WARNING - Dubious protonation state:    GLU   194 A (pKa= 6.63)
2025-09-03 13:50:15,510 - moleculekit.tools.preparation - WARNING - Dubious protonation state: the pKa of 3 residues is within 1.0 units of pH 7.4.
2025-09-03 13:50:15,511 - moleculekit.tools.preparation - WARNING - Dubious protonation state:    ASP    96 A (pKa= 7.43)
2025-09-03 13:50:15,511 - moleculekit.tools.preparation - WARNING - Dubious protonation state:    ASP   115 A (pKa= 7.85)
2025-09-03 13:50:15,511 - moleculekit.tools.preparation - WARNING - Dubious protonation state:    GLU   194 A (pKa= 6.51)
2025-09-03 13:50:18,127 - moleculekit.tools.preparation - WARNING - Dubious protonation state: the pKa of 4 residues is within 1.0 units of pH 7.4.
2025-09-03 13:50:18,128 - moleculekit.tools.preparation - WARNING - Dubious protonation state:    ASP    85 A (pKa= 6.70)
2025-09-03 13:50:18,128 - moleculekit.tools.preparation - WARNING - Dubious protonation state:    ASP    96 A (pKa= 7.37)
2025-09-03 13:50:18,128 - moleculekit.tools.preparation - WARNING - Dubious protonation state:    ASP   115 A (pKa= 7.74)
2025-09-03 13:50:18,128 - moleculekit.tools.preparation - WARNING - Dubious protonation state:    GLU   194 A (pKa= 6.63)
2025-09-03 13:50:20,809 - moleculekit.tools.preparation - WARNING - Dubious protonation state: the pKa of 3 residues is within 1.0 units of pH 7.4.
2025-09-03 13:50:20,810 - moleculekit.tools.preparation - WARNING - Dubious protonation state:    ASP    96 A (pKa= 7.43)
2025-09-03 13:50:20,810 - moleculekit.tools.preparation - WARNING - Dubious protonation state:    ASP   115 A (pKa= 7.85)
2025-09-03 13:50:20,810 - moleculekit.tools.preparation - WARNING - Dubious protonation state:    GLU   194 A (pKa= 6.51)
2025-09-03 13:50:23,348 - moleculekit.tools.preparation - WARNING - Dubious protonation state: the pKa of 4 residues is within 1.0 units of pH 7.4.
2025-09-03 13:50:23,349 - moleculekit.tools.preparation - WARNING - Dubious protonation state:    ASP    85 A (pKa= 6.70)
2025-09-03 13:50:23,349 - moleculekit.tools.preparation - WARNING - Dubious protonation state:    ASP    96 A (pKa= 7.37)
2025-09-03 13:50:23,349 - moleculekit.tools.preparation - WARNING - Dubious protonation state:    ASP   115 A (pKa= 7.74)
2025-09-03 13:50:23,349 - moleculekit.tools.preparation - WARNING - Dubious protonation state:    GLU   194 A (pKa= 6.63)
2025-09-03 13:51:23,708 - moleculekit.tools.preparation - WARNING - Dubious protonation state: the pKa of 1 residues is within 1.0 units of pH 7.4.
2025-09-03 13:51:23,709 - moleculekit.tools.preparation - WARNING - Dubious protonation state:    CYS    92 A (pKa= 6.61)
2025-09-03 13:51:25,414 - moleculekit.tools.preparation - WARNING - Dubious protonation state: the pKa of 1 residues is within 1.0 units of pH 7.4.
2025-09-03 13:51:25,414 - moleculekit.tools.preparation - WARNING - Dubious protonation state:    CYS    46 A (pKa= 6.83)
2025-09-03 13:51:27,177 - moleculekit.tools.preparation - WARNING - Dubious protonation state: the pKa of 1 residues is within 1.0 units of pH 7.4.
2025-09-03 13:51:27,177 - moleculekit.tools.preparation - WARNING - Dubious protonation state:    CYS    92 A (pKa= 6.61)
2025-09-03 13:51:28,980 - moleculekit.tools.preparation - WARNING - Dubious protonation state: the pKa of 1 residues is within 1.0 units of pH 7.4.
2025-09-03 13:51:28,980 - moleculekit.tools.preparation - WARNING - Dubious protonation state:    CYS    46 A (pKa= 6.83)
2025-09-03 13:51:30,600 - moleculekit.tools.preparation - WARNING - Dubious protonation state: the pKa of 1 residues is within 1.0 units of pH 7.4.
2025-09-03 13:51:30,600 - moleculekit.tools.preparation - WARNING - Dubious protonation state:    CYS    92 A (pKa= 6.61)
2025-09-03 13:51:32,366 - moleculekit.tools.preparation - WARNING - Dubious protonation state: the pKa of 1 residues is within 1.0 units of pH 7.4.
2025-09-03 13:51:32,367 - moleculekit.tools.preparation - WARNING - Dubious protonation state:    CYS    46 A (pKa= 6.83)
2025-09-03 13:51:34,281 - moleculekit.tools.preparation - WARNING - Dubious protonation state: the pKa of 1 residues is within 1.0 units of pH 7.4.
2025-09-03 13:51:34,281 - moleculekit.tools.preparation - WARNING - Dubious protonation state:    CYS    92 A (pKa= 6.61)
2025-09-03 13:51:36,059 - moleculekit.tools.preparation - WARNING - Dubious protonation state: the pKa of 1 residues is within 1.0 units of pH 7.4.
2025-09-03 13:51:36,059 - moleculekit.tools.preparation - WARNING - Dubious protonation state:    CYS    46 A (pKa= 6.83)
2025-09-03 13:51:37,797 - moleculekit.tools.preparation - WARNING - Dubious protonation state: the pKa of 1 residues is within 1.0 units of pH 7.4.
2025-09-03 13:51:37,797 - moleculekit.tools.preparation - WARNING - Dubious protonation state:    CYS    92 A (pKa= 6.61)
2025-09-03 13:51:39,670 - moleculekit.tools.preparation - WARNING - Dubious protonation state: the pKa of 1 residues is within 1.0 units of pH 7.4.
2025-09-03 13:51:39,670 - moleculekit.tools.preparation - WARNING - Dubious protonation state:    CYS    46 A (pKa= 6.83)
2025-09-03 13:53:30,709 - moleculekit.tools.preparation - WARNING - Dubious protonation state: the pKa of 3 residues is within 1.0 units of pH 7.4.
2025-09-03 13:53:30,709 - moleculekit.tools.preparation - WARNING - Dubious protonation state:    GLU  1115 A (pKa= 7.06)
2025-09-03 13:53:30,709 - moleculekit.tools.preparation - WARNING - Dubious protonation state:    ASP  1191 A (pKa= 6.58)
2025-09-03 13:53:30,709 - moleculekit.tools.preparation - WARNING - Dubious protonation state:    GLU  1201 A (pKa= 6.48)
2025-09-03 13:53:34,226 - moleculekit.tools.preparation - WARNING - Dubious protonation state: the pKa of 3 residues is within 1.0 units of pH 7.4.
2025-09-03 13:53:34,227 - moleculekit.tools.preparation - WARNING - Dubious protonation state:    GLU  1115 A (pKa= 7.08)
2025-09-03 13:53:34,227 - moleculekit.tools.preparation - WARNING - Dubious protonation state:    ASP  1191 A (pKa= 6.57)
2025-09-03 13:53:34,227 - moleculekit.tools.preparation - WARNING - Dubious protonation state:    GLU  1201 A (pKa= 7.40)
2025-09-03 13:53:37,596 - moleculekit.tools.preparation - WARNING - Dubious protonation state: the pKa of 3 residues is within 1.0 units of pH 7.4.
2025-09-03 13:53:37,596 - moleculekit.tools.preparation - WARNING - Dubious protonation state:    GLU  1115 A (pKa= 7.06)
2025-09-03 13:53:37,596 - moleculekit.tools.preparation - WARNING - Dubious protonation state:    ASP  1191 A (pKa= 6.58)
2025-09-03 13:53:37,596 - moleculekit.tools.preparation - WARNING - Dubious protonation state:    GLU  1201 A (pKa= 6.48)
2025-09-03 13:53:41,135 - moleculekit.tools.preparation - WARNING - Dubious protonation state: the pKa of 3 residues is within 1.0 units of pH 7.4.
2025-09-03 13:53:41,135 - moleculekit.tools.preparation - WARNING - Dubious protonation state:    GLU  1115 A (pKa= 7.08)
2025-09-03 13:53:41,135 - moleculekit.tools.preparation - WARNING - Dubious protonation state:    ASP  1191 A (pKa= 6.57)
2025-09-03 13:53:41,135 - moleculekit.tools.preparation - WARNING - Dubious protonation state:    GLU  1201 A (pKa= 7.40)
2025-09-03 13:53:44,873 - moleculekit.tools.preparation - WARNING - Dubious protonation state: the pKa of 3 residues is within 1.0 units of pH 7.4.
2025-09-03 13:53:44,873 - moleculekit.tools.preparation - WARNING - Dubious protonation state:    GLU  1115 A (pKa= 7.06)
2025-09-03 13:53:44,874 - moleculekit.tools.preparation - WARNING - Dubious protonation state:    ASP  1191 A (pKa= 6.58)
2025-09-03 13:53:44,874 - moleculekit.tools.preparation - WARNING - Dubious protonation state:    GLU  1201 A (pKa= 6.48)
2025-09-03 13:53:48,514 - moleculekit.tools.preparation - WARNING - Dubious protonation state: the pKa of 3 residues is within 1.0 units of pH 7.4.
2025-09-03 13:53:48,514 - moleculekit.tools.preparation - WARNING - Dubious protonation state:    GLU  1115 A (pKa= 7.08)
2025-09-03 13:53:48,515 - moleculekit.tools.preparation - WARNING - Dubious protonation state:    ASP  1191 A (pKa= 6.57)
2025-09-03 13:53:48,515 - moleculekit.tools.preparation - WARNING - Dubious protonation state:    GLU  1201 A (pKa= 7.40)
2025-09-03 13:53:51,935 - moleculekit.tools.preparation - WARNING - Dubious protonation state: the pKa of 3 residues is within 1.0 units of pH 7.4.
2025-09-03 13:53:51,935 - moleculekit.tools.preparation - WARNING - Dubious protonation state:    GLU  1115 A (pKa= 7.06)
2025-09-03 13:53:51,935 - moleculekit.tools.preparation - WARNING - Dubious protonation state:    ASP  1191 A (pKa= 6.58)
2025-09-03 13:53:51,936 - moleculekit.tools.preparation - WARNING - Dubious protonation state:    GLU  1201 A (pKa= 6.48)
2025-09-03 13:53:55,240 - moleculekit.tools.preparation - WARNING - Dubious protonation state: the pKa of 3 residues is within 1.0 units of pH 7.4.
2025-09-03 13:53:55,240 - moleculekit.tools.preparation - WARNING - Dubious protonation state:    GLU  1115 A (pKa= 7.08)
2025-09-03 13:53:55,240 - moleculekit.tools.preparation - WARNING - Dubious protonation state:    ASP  1191 A (pKa= 6.57)
2025-09-03 13:53:55,240 - moleculekit.tools.preparation - WARNING - Dubious protonation state:    GLU  1201 A (pKa= 7.40)
2025-09-03 13:53:58,553 - moleculekit.tools.preparation - WARNING - Dubious protonation state: the pKa of 3 residues is within 1.0 units of pH 7.4.
2025-09-03 13:53:58,553 - moleculekit.tools.preparation - WARNING - Dubious protonation state:    GLU  1115 A (pKa= 7.06)
2025-09-03 13:53:58,553 - moleculekit.tools.preparation - WARNING - Dubious protonation state:    ASP  1191 A (pKa= 6.58)
2025-09-03 13:53:58,554 - moleculekit.tools.preparation - WARNING - Dubious protonation state:    GLU  1201 A (pKa= 6.48)
2025-09-03 13:54:01,815 - moleculekit.tools.preparation - WARNING - Dubious protonation state: the pKa of 3 residues is within 1.0 units of pH 7.4.
2025-09-03 13:54:01,815 - moleculekit.tools.preparation - WARNING - Dubious protonation state:    GLU  1115 A (pKa= 7.08)
2025-09-03 13:54:01,815 - moleculekit.tools.preparation - WARNING - Dubious protonation state:    ASP  1191 A (pKa= 6.57)
2025-09-03 13:54:01,815 - moleculekit.tools.preparation - WARNING - Dubious protonation state:    GLU  1201 A (pKa= 7.40)
2025-09-03 13:55:41,075 - moleculekit.tools.preparation - WARNING - Dubious protonation state: the pKa of 1 residues is within 1.0 units of pH 7.4.
2025-09-03 13:55:41,076 - moleculekit.tools.preparation - WARNING - Dubious protonation state:    GLU    49 A (pKa= 7.50)
2025-09-03 13:55:43,570 - moleculekit.tools.preparation - WARNING - Dubious protonation state: the pKa of 1 residues is within 1.0 units of pH 7.4.
2025-09-03 13:55:43,570 - moleculekit.tools.preparation - WARNING - Dubious protonation state:    GLU    49 A (pKa= 7.55)
2025-09-03 13:55:46,169 - moleculekit.tools.preparation - WARNING - Dubious protonation state: the pKa of 1 residues is within 1.0 units of pH 7.4.
2025-09-03 13:55:46,169 - moleculekit.tools.preparation - WARNING - Dubious protonation state:    GLU    49 A (pKa= 7.50)
2025-09-03 13:55:48,627 - moleculekit.tools.preparation - WARNING - Dubious protonation state: the pKa of 1 residues is within 1.0 units of pH 7.4.
2025-09-03 13:55:48,627 - moleculekit.tools.preparation - WARNING - Dubious protonation state:    GLU    49 A (pKa= 7.55)
2025-09-03 13:55:51,242 - moleculekit.tools.preparation - WARNING - Dubious protonation state: the pKa of 1 residues is within 1.0 units of pH 7.4.
2025-09-03 13:55:51,242 - moleculekit.tools.preparation - WARNING - Dubious protonation state:    GLU    49 A (pKa= 7.50)
2025-09-03 13:55:54,004 - moleculekit.tools.preparation - WARNING - Dubious protonation state: the pKa of 1 residues is within 1.0 units of pH 7.4.
2025-09-03 13:55:54,004 - moleculekit.tools.preparation - WARNING - Dubious protonation state:    GLU    49 A (pKa= 7.55)
2025-09-03 13:55:56,479 - moleculekit.tools.preparation - WARNING - Dubious protonation state: the pKa of 1 residues is within 1.0 units of pH 7.4.
2025-09-03 13:55:56,479 - moleculekit.tools.preparation - WARNING - Dubious protonation state:    GLU    49 A (pKa= 7.50)
2025-09-03 13:55:58,906 - moleculekit.tools.preparation - WARNING - Dubious protonation state: the pKa of 1 residues is within 1.0 units of pH 7.4.
2025-09-03 13:55:58,907 - moleculekit.tools.preparation - WARNING - Dubious protonation state:    GLU    49 A (pKa= 7.55)
2025-09-03 13:56:01,395 - moleculekit.tools.preparation - WARNING - Dubious protonation state: the pKa of 1 residues is within 1.0 units of pH 7.4.
2025-09-03 13:56:01,395 - moleculekit.tools.preparation - WARNING - Dubious protonation state:    GLU    49 A (pKa= 7.50)
2025-09-03 13:56:03,904 - moleculekit.tools.preparation - WARNING - Dubious protonation state: the pKa of 1 residues is within 1.0 units of pH 7.4.
2025-09-03 13:56:03,904 - moleculekit.tools.preparation - WARNING - Dubious protonation state:    GLU    49 A (pKa= 7.55)
2025-09-03 13:56:19,756 - moleculekit.tools.preparation - WARNING - Dubious protonation state: the pKa of 4 residues is within 1.0 units of pH 7.4.
2025-09-03 13:56:19,756 - moleculekit.tools.preparation - WARNING - Dubious protonation state:    ASP    19 A (pKa= 7.34)
2025-09-03 13:56:19,756 - moleculekit.tools.preparation - WARNING - Dubious protonation state:    ASP   181 A (pKa= 7.43)
2025-09-03 13:56:19,756 - moleculekit.tools.preparation - WARNING - Dubious protonation state:    ASP   295 A (pKa= 6.56)
2025-09-03 13:56:19,756 - moleculekit.tools.preparation - WARNING - Dubious protonation state:    ASP   307 A (pKa= 8.22)
2025-09-03 13:56:23,426 - moleculekit.tools.preparation - WARNING - Dubious protonation state: the pKa of 4 residues is within 1.0 units of pH 7.4.
2025-09-03 13:56:23,426 - moleculekit.tools.preparation - WARNING - Dubious protonation state:    ASP    19 A (pKa= 7.29)
2025-09-03 13:56:23,426 - moleculekit.tools.preparation - WARNING - Dubious protonation state:    ASP   181 A (pKa= 7.42)
2025-09-03 13:56:23,426 - moleculekit.tools.preparation - WARNING - Dubious protonation state:    ASP   295 A (pKa= 6.55)
2025-09-03 13:56:23,426 - moleculekit.tools.preparation - WARNING - Dubious protonation state:    ASP   307 A (pKa= 8.24)
2025-09-03 13:56:27,624 - moleculekit.tools.preparation - WARNING - Dubious protonation state: the pKa of 4 residues is within 1.0 units of pH 7.4.
2025-09-03 13:56:27,624 - moleculekit.tools.preparation - WARNING - Dubious protonation state:    ASP    19 A (pKa= 7.34)
2025-09-03 13:56:27,625 - moleculekit.tools.preparation - WARNING - Dubious protonation state:    ASP   181 A (pKa= 7.43)
2025-09-03 13:56:27,625 - moleculekit.tools.preparation - WARNING - Dubious protonation state:    ASP   295 A (pKa= 6.56)
2025-09-03 13:56:27,625 - moleculekit.tools.preparation - WARNING - Dubious protonation state:    ASP   307 A (pKa= 8.22)
2025-09-03 13:56:31,598 - moleculekit.tools.preparation - WARNING - Dubious protonation state: the pKa of 4 residues is within 1.0 units of pH 7.4.
2025-09-03 13:56:31,598 - moleculekit.tools.preparation - WARNING - Dubious protonation state:    ASP    19 A (pKa= 7.29)
2025-09-03 13:56:31,599 - moleculekit.tools.preparation - WARNING - Dubious protonation state:    ASP   181 A (pKa= 7.42)
2025-09-03 13:56:31,599 - moleculekit.tools.preparation - WARNING - Dubious protonation state:    ASP   295 A (pKa= 6.55)
2025-09-03 13:56:31,599 - moleculekit.tools.preparation - WARNING - Dubious protonation state:    ASP   307 A (pKa= 8.24)
2025-09-03 13:56:35,838 - moleculekit.tools.preparation - WARNING - Dubious protonation state: the pKa of 4 residues is within 1.0 units of pH 7.4.
2025-09-03 13:56:35,838 - moleculekit.tools.preparation - WARNING - Dubious protonation state:    ASP    19 A (pKa= 7.34)
2025-09-03 13:56:35,838 - moleculekit.tools.preparation - WARNING - Dubious protonation state:    ASP   181 A (pKa= 7.43)
2025-09-03 13:56:35,838 - moleculekit.tools.preparation - WARNING - Dubious protonation state:    ASP   295 A (pKa= 6.56)
2025-09-03 13:56:35,839 - moleculekit.tools.preparation - WARNING - Dubious protonation state:    ASP   307 A (pKa= 8.22)
2025-09-03 13:56:39,864 - moleculekit.tools.preparation - WARNING - Dubious protonation state: the pKa of 4 residues is within 1.0 units of pH 7.4.
2025-09-03 13:56:39,864 - moleculekit.tools.preparation - WARNING - Dubious protonation state:    ASP    19 A (pKa= 7.29)
2025-09-03 13:56:39,864 - moleculekit.tools.preparation - WARNING - Dubious protonation state:    ASP   181 A (pKa= 7.42)
2025-09-03 13:56:39,865 - moleculekit.tools.preparation - WARNING - Dubious protonation state:    ASP   295 A (pKa= 6.55)
2025-09-03 13:56:39,865 - moleculekit.tools.preparation - WARNING - Dubious protonation state:    ASP   307 A (pKa= 8.23)
2025-09-03 13:56:43,928 - moleculekit.tools.preparation - WARNING - Dubious protonation state: the pKa of 4 residues is within 1.0 units of pH 7.4.
2025-09-03 13:56:43,928 - moleculekit.tools.preparation - WARNING - Dubious protonation state:    ASP    19 A (pKa= 7.34)
2025-09-03 13:56:43,928 - moleculekit.tools.preparation - WARNING - Dubious protonation state:    ASP   181 A (pKa= 7.43)
2025-09-03 13:56:43,928 - moleculekit.tools.preparation - WARNING - Dubious protonation state:    ASP   295 A (pKa= 6.56)
2025-09-03 13:56:43,928 - moleculekit.tools.preparation - WARNING - Dubious protonation state:    ASP   307 A (pKa= 8.22)
2025-09-03 13:56:47,968 - moleculekit.tools.preparation - WARNING - Dubious protonation state: the pKa of 4 residues is within 1.0 units of pH 7.4.
2025-09-03 13:56:47,968 - moleculekit.tools.preparation - WARNING - Dubious protonation state:    ASP    19 A (pKa= 7.29)
2025-09-03 13:56:47,968 - moleculekit.tools.preparation - WARNING - Dubious protonation state:    ASP   181 A (pKa= 7.42)
2025-09-03 13:56:47,969 - moleculekit.tools.preparation - WARNING - Dubious protonation state:    ASP   295 A (pKa= 6.56)
2025-09-03 13:56:47,969 - moleculekit.tools.preparation - WARNING - Dubious protonation state:    ASP   307 A (pKa= 8.24)
2025-09-03 13:56:51,941 - moleculekit.tools.preparation - WARNING - Dubious protonation state: the pKa of 4 residues is within 1.0 units of pH 7.4.
2025-09-03 13:56:51,941 - moleculekit.tools.preparation - WARNING - Dubious protonation state:    ASP    19 A (pKa= 7.34)
2025-09-03 13:56:51,941 - moleculekit.tools.preparation - WARNING - Dubious protonation state:    ASP   181 A (pKa= 7.43)
2025-09-03 13:56:51,941 - moleculekit.tools.preparation - WARNING - Dubious protonation state:    ASP   295 A (pKa= 6.56)
2025-09-03 13:56:51,941 - moleculekit.tools.preparation - WARNING - Dubious protonation state:    ASP   307 A (pKa= 8.22)
2025-09-03 13:56:56,259 - moleculekit.tools.preparation - WARNING - Dubious protonation state: the pKa of 4 residues is within 1.0 units of pH 7.4.
2025-09-03 13:56:56,259 - moleculekit.tools.preparation - WARNING - Dubious protonation state:    ASP    19 A (pKa= 7.29)
2025-09-03 13:56:56,259 - moleculekit.tools.preparation - WARNING - Dubious protonation state:    ASP   181 A (pKa= 7.42)
2025-09-03 13:56:56,259 - moleculekit.tools.preparation - WARNING - Dubious protonation state:    ASP   295 A (pKa= 6.56)
2025-09-03 13:56:56,259 - moleculekit.tools.preparation - WARNING - Dubious protonation state:    ASP   307 A (pKa= 8.24)
2025-09-03 13:57:17,688 - moleculekit.tools.preparation - WARNING - Dubious protonation state: the pKa of 3 residues is within 1.0 units of pH 7.4.
2025-09-03 13:57:17,688 - moleculekit.tools.preparation - WARNING - Dubious protonation state:    ASP   238 A (pKa= 6.75)
2025-09-03 13:57:17,688 - moleculekit.tools.preparation - WARNING - Dubious protonation state:    CYS   290 A (pKa= 7.79)
2025-09-03 13:57:17,688 - moleculekit.tools.preparation - WARNING - Dubious protonation state:    ASP   444 A (pKa= 6.77)
2025-09-03 13:57:24,062 - moleculekit.tools.preparation - WARNING - Dubious protonation state: the pKa of 4 residues is within 1.0 units of pH 7.4.
2025-09-03 13:57:24,062 - moleculekit.tools.preparation - WARNING - Dubious protonation state:    ASP   238 A (pKa= 6.58)
2025-09-03 13:57:24,063 - moleculekit.tools.preparation - WARNING - Dubious protonation state:    CYS   267 A (pKa= 6.94)
2025-09-03 13:57:24,063 - moleculekit.tools.preparation - WARNING - Dubious protonation state:    CYS   290 A (pKa= 8.15)
2025-09-03 13:57:24,063 - moleculekit.tools.preparation - WARNING - Dubious protonation state:    ASP   444 A (pKa= 6.77)
2025-09-03 13:57:30,285 - moleculekit.tools.preparation - WARNING - Dubious protonation state: the pKa of 3 residues is within 1.0 units of pH 7.4.
2025-09-03 13:57:30,286 - moleculekit.tools.preparation - WARNING - Dubious protonation state:    ASP   238 A (pKa= 6.75)
2025-09-03 13:57:30,286 - moleculekit.tools.preparation - WARNING - Dubious protonation state:    CYS   290 A (pKa= 7.79)
2025-09-03 13:57:30,286 - moleculekit.tools.preparation - WARNING - Dubious protonation state:    ASP   444 A (pKa= 6.77)
2025-09-03 13:57:36,598 - moleculekit.tools.preparation - WARNING - Dubious protonation state: the pKa of 4 residues is within 1.0 units of pH 7.4.
2025-09-03 13:57:36,598 - moleculekit.tools.preparation - WARNING - Dubious protonation state:    ASP   238 A (pKa= 6.58)
2025-09-03 13:57:36,598 - moleculekit.tools.preparation - WARNING - Dubious protonation state:    CYS   267 A (pKa= 6.94)
2025-09-03 13:57:36,598 - moleculekit.tools.preparation - WARNING - Dubious protonation state:    CYS   290 A (pKa= 8.14)
2025-09-03 13:57:36,598 - moleculekit.tools.preparation - WARNING - Dubious protonation state:    ASP   444 A (pKa= 6.76)
2025-09-03 13:57:43,117 - moleculekit.tools.preparation - WARNING - Dubious protonation state: the pKa of 3 residues is within 1.0 units of pH 7.4.
2025-09-03 13:57:43,117 - moleculekit.tools.preparation - WARNING - Dubious protonation state:    ASP   238 A (pKa= 6.75)
2025-09-03 13:57:43,117 - moleculekit.tools.preparation - WARNING - Dubious protonation state:    CYS   290 A (pKa= 7.79)
2025-09-03 13:57:43,117 - moleculekit.tools.preparation - WARNING - Dubious protonation state:    ASP   444 A (pKa= 6.77)
2025-09-03 13:57:49,388 - moleculekit.tools.preparation - WARNING - Dubious protonation state: the pKa of 4 residues is within 1.0 units of pH 7.4.
2025-09-03 13:57:49,388 - moleculekit.tools.preparation - WARNING - Dubious protonation state:    ASP   238 A (pKa= 6.58)
2025-09-03 13:57:49,388 - moleculekit.tools.preparation - WARNING - Dubious protonation state:    CYS   267 A (pKa= 6.94)
2025-09-03 13:57:49,388 - moleculekit.tools.preparation - WARNING - Dubious protonation state:    CYS   290 A (pKa= 8.14)
2025-09-03 13:57:49,388 - moleculekit.tools.preparation - WARNING - Dubious protonation state:    ASP   444 A (pKa= 6.78)
2025-09-03 13:57:56,048 - moleculekit.tools.preparation - WARNING - Dubious protonation state: the pKa of 3 residues is within 1.0 units of pH 7.4.
2025-09-03 13:57:56,048 - moleculekit.tools.preparation - WARNING - Dubious protonation state:    ASP   238 A (pKa= 6.75)
2025-09-03 13:57:56,048 - moleculekit.tools.preparation - WARNING - Dubious protonation state:    CYS   290 A (pKa= 7.79)
2025-09-03 13:57:56,048 - moleculekit.tools.preparation - WARNING - Dubious protonation state:    ASP   444 A (pKa= 6.77)
2025-09-03 13:58:02,158 - moleculekit.tools.preparation - WARNING - Dubious protonation state: the pKa of 4 residues is within 1.0 units of pH 7.4.
2025-09-03 13:58:02,158 - moleculekit.tools.preparation - WARNING - Dubious protonation state:    ASP   238 A (pKa= 6.58)
2025-09-03 13:58:02,158 - moleculekit.tools.preparation - WARNING - Dubious protonation state:    CYS   267 A (pKa= 6.94)
2025-09-03 13:58:02,158 - moleculekit.tools.preparation - WARNING - Dubious protonation state:    CYS   290 A (pKa= 8.15)
2025-09-03 13:58:02,158 - moleculekit.tools.preparation - WARNING - Dubious protonation state:    ASP   444 A (pKa= 6.76)
2025-09-03 13:58:08,540 - moleculekit.tools.preparation - WARNING - Dubious protonation state: the pKa of 3 residues is within 1.0 units of pH 7.4.
2025-09-03 13:58:08,540 - moleculekit.tools.preparation - WARNING - Dubious protonation state:    ASP   238 A (pKa= 6.75)
2025-09-03 13:58:08,540 - moleculekit.tools.preparation - WARNING - Dubious protonation state:    CYS   290 A (pKa= 7.79)
2025-09-03 13:58:08,540 - moleculekit.tools.preparation - WARNING - Dubious protonation state:    ASP   444 A (pKa= 6.77)
2025-09-03 13:58:15,028 - moleculekit.tools.preparation - WARNING - Dubious protonation state: the pKa of 4 residues is within 1.0 units of pH 7.4.
2025-09-03 13:58:15,029 - moleculekit.tools.preparation - WARNING - Dubious protonation state:    ASP   238 A (pKa= 6.59)
2025-09-03 13:58:15,029 - moleculekit.tools.preparation - WARNING - Dubious protonation state:    CYS   267 A (pKa= 6.94)
2025-09-03 13:58:15,029 - moleculekit.tools.preparation - WARNING - Dubious protonation state:    CYS   290 A (pKa= 8.14)
2025-09-03 13:58:15,029 - moleculekit.tools.preparation - WARNING - Dubious protonation state:    ASP   444 A (pKa= 6.76)
2025-09-03 13:58:33,285 - moleculekit.tools.preparation - WARNING - Dubious protonation state: the pKa of 1 residues is within 1.0 units of pH 7.4.
2025-09-03 13:58:33,286 - moleculekit.tools.preparation - WARNING - Dubious protonation state:    CYS    92 A (pKa= 6.61)
2025-09-03 13:58:34,994 - moleculekit.tools.preparation - WARNING - Dubious protonation state: the pKa of 1 residues is within 1.0 units of pH 7.4.
2025-09-03 13:58:34,994 - moleculekit.tools.preparation - WARNING - Dubious protonation state:    CYS    46 A (pKa= 6.82)
2025-09-03 13:58:37,016 - moleculekit.tools.preparation - WARNING - Dubious protonation state: the pKa of 1 residues is within 1.0 units of pH 7.4.
2025-09-03 13:58:37,016 - moleculekit.tools.preparation - WARNING - Dubious protonation state:    CYS    92 A (pKa= 6.61)
2025-09-03 13:58:38,848 - moleculekit.tools.preparation - WARNING - Dubious protonation state: the pKa of 1 residues is within 1.0 units of pH 7.4.
2025-09-03 13:58:38,848 - moleculekit.tools.preparation - WARNING - Dubious protonation state:    CYS    46 A (pKa= 6.82)
2025-09-03 13:58:40,475 - moleculekit.tools.preparation - WARNING - Dubious protonation state: the pKa of 1 residues is within 1.0 units of pH 7.4.
2025-09-03 13:58:40,475 - moleculekit.tools.preparation - WARNING - Dubious protonation state:    CYS    92 A (pKa= 6.61)
2025-09-03 13:58:42,128 - moleculekit.tools.preparation - WARNING - Dubious protonation state: the pKa of 1 residues is within 1.0 units of pH 7.4.
2025-09-03 13:58:42,128 - moleculekit.tools.preparation - WARNING - Dubious protonation state:    CYS    46 A (pKa= 6.81)
2025-09-03 13:58:43,475 - moleculekit.tools.preparation - WARNING - Dubious protonation state: the pKa of 1 residues is within 1.0 units of pH 7.4.
2025-09-03 13:58:43,475 - moleculekit.tools.preparation - WARNING - Dubious protonation state:    CYS    92 A (pKa= 6.61)
2025-09-03 13:58:45,006 - moleculekit.tools.preparation - WARNING - Dubious protonation state: the pKa of 1 residues is within 1.0 units of pH 7.4.
2025-09-03 13:58:45,006 - moleculekit.tools.preparation - WARNING - Dubious protonation state:    CYS    46 A (pKa= 6.82)
2025-09-03 13:58:46,363 - moleculekit.tools.preparation - WARNING - Dubious protonation state: the pKa of 1 residues is within 1.0 units of pH 7.4.
2025-09-03 13:58:46,363 - moleculekit.tools.preparation - WARNING - Dubious protonation state:    CYS    92 A (pKa= 6.60)
2025-09-03 13:58:47,845 - moleculekit.tools.preparation - WARNING - Dubious protonation state: the pKa of 1 residues is within 1.0 units of pH 7.4.
2025-09-03 13:58:47,845 - moleculekit.tools.preparation - WARNING - Dubious protonation state:    CYS    46 A (pKa= 6.81)
slurmstepd: error: *** JOB 15171300 ON spartan-bm178 CANCELLED AT 2025-09-03T14:02:29 ***
